1612834948074	mozrunner::runner	INFO	Running command: "/usr/bin/firefox" "-marionette" "-foreground" "-no-remote" "-profile" "/tmp/rust_mozprofileWhNPmI"
console.warn: SearchSettings: "get: No settings file exists, new profile?" (new Error("", "(unknown module)"))
1612834950223	Marionette	INFO	Listening on port 40215
console.warn: SearchSettings: "get: No settings file exists, new profile?" (new Error("", "(unknown module)"))
1612834950309	Marionette	WARN	TLS certificate errors will be ignored for this session
1612834950322	Marionette	ERROR	[15] No reply from Marionette:Register
Exiting due to channel error.
Exiting due to channel error.
Exiting due to channel error.
1612835047034	mozrunner::runner	INFO	Running command: "/usr/bin/firefox" "-marionette" "-foreground" "-no-remote" "-profile" "/tmp/rust_mozprofileQhBprU"
console.warn: SearchSettings: "get: No settings file exists, new profile?" (new Error("", "(unknown module)"))
1612835048925	Marionette	INFO	Listening on port 33435
console.warn: SearchSettings: "get: No settings file exists, new profile?" (new Error("", "(unknown module)"))
1612835049007	Marionette	WARN	TLS certificate errors will be ignored for this session
1612835049025	Marionette	ERROR	[15] No reply from Marionette:Register
Exiting due to channel error.
Exiting due to channel error.
Exiting due to channel error.
1612835127549	mozrunner::runner	INFO	Running command: "/usr/bin/firefox" "-marionette" "-foreground" "-no-remote" "-profile" "/tmp/rust_mozprofileOR5JcW"
console.warn: SearchSettings: "get: No settings file exists, new profile?" (new Error("", "(unknown module)"))
console.warn: SearchSettings: "get: No settings file exists, new profile?" (new Error("", "(unknown module)"))
1612835129830	Marionette	INFO	Listening on port 37241
1612835129875	Marionette	WARN	TLS certificate errors will be ignored for this session
1612835129896	Marionette	ERROR	[15] No reply from Marionette:Register
Exiting due to channel error.
Exiting due to channel error.
Exiting due to channel error.
1612835224787	mozrunner::runner	INFO	Running command: "/usr/bin/firefox" "-marionette" "-foreground" "-no-remote" "-profile" "/tmp/rust_mozprofileF95UqG"
console.warn: SearchSettings: "get: No settings file exists, new profile?" (new Error("", "(unknown module)"))
Gdk-Message: 22:47:06.665: /usr/lib/firefox/firefox: Fatal IO error 11 (Resource temporarily unavailable) on X server :1033.

Gdk-Message: 22:47:06.665: /usr/lib/firefox/firefox: Fatal IO error 11 (Resource temporarily unavailable) on X server :1033.

1612835248465	mozrunner::runner	INFO	Running command: "/usr/bin/firefox" "-marionette" "-foreground" "-no-remote" "-profile" "/tmp/rust_mozprofiler13ePb"
console.warn: SearchSettings: "get: No settings file exists, new profile?" (new Error("", "(unknown module)"))
Exiting due to channel error.
Exiting due to channel error.
1612835598002	mozrunner::runner	INFO	Running command: "/usr/bin/firefox" "-marionette" "-foreground" "-no-remote" "-profile" "/tmp/rust_mozprofileRVFFUt"
console.warn: SearchSettings: "get: No settings file exists, new profile?" (new Error("", "(unknown module)"))
console.warn: SearchSettings: "get: No settings file exists, new profile?" (new Error("", "(unknown module)"))
1612835600445	Marionette	INFO	Listening on port 44657
1612835600549	Marionette	WARN	TLS certificate errors will be ignored for this session
1612835600582	Marionette	ERROR	[15] No reply from Marionette:Register
1612835607416	Marionette	INFO	Stopped listening on port 44657
1612835729465	mozrunner::runner	INFO	Running command: "/usr/bin/firefox" "-marionette" "-foreground" "-no-remote" "-profile" "/tmp/rust_mozprofileZB11pt"
console.warn: SearchSettings: "get: No settings file exists, new profile?" (new Error("", "(unknown module)"))
console.warn: SearchSettings: "get: No settings file exists, new profile?" (new Error("", "(unknown module)"))
1612835731957	Marionette	INFO	Listening on port 39757
1612835732002	Marionette	WARN	TLS certificate errors will be ignored for this session
1612835732022	Marionette	ERROR	[15] No reply from Marionette:Register
1612835736556	Marionette	INFO	Stopped listening on port 39757
1612835746444	mozrunner::runner	INFO	Running command: "/usr/bin/firefox" "-marionette" "-foreground" "-no-remote" "-profile" "/tmp/rust_mozprofileEC2A0K"
console.warn: SearchSettings: "get: No settings file exists, new profile?" (new Error("", "(unknown module)"))
console.warn: SearchSettings: "get: No settings file exists, new profile?" (new Error("", "(unknown module)"))
1612835749048	Marionette	INFO	Listening on port 44681
1612835749080	Marionette	WARN	TLS certificate errors will be ignored for this session
1612835749098	Marionette	ERROR	[15] No reply from Marionette:Register
1612835777352	Marionette	INFO	Stopped listening on port 44681

###!!! [Parent][RunMessage] Error: Channel closing: too late to send/recv, messages will be lost

1612835862474	mozrunner::runner	INFO	Running command: "/usr/bin/firefox" "-marionette" "-foreground" "-no-remote" "-profile" "/tmp/rust_mozprofile96KerE"
console.warn: SearchSettings: "get: No settings file exists, new profile?" (new Error("", "(unknown module)"))
console.warn: SearchSettings: "get: No settings file exists, new profile?" (new Error("", "(unknown module)"))
1612835864933	Marionette	INFO	Listening on port 32863
1612835865012	Marionette	WARN	TLS certificate errors will be ignored for this session
1612835865028	Marionette	ERROR	[15] No reply from Marionette:Register
1612835894849	mozrunner::runner	INFO	Running command: "/usr/bin/firefox" "-marionette" "-foreground" "-no-remote" "-profile" "/tmp/rust_mozprofileyMn7sX"
console.warn: SearchSettings: "get: No settings file exists, new profile?" (new Error("", "(unknown module)"))
console.warn: SearchSettings: "get: No settings file exists, new profile?" (new Error("", "(unknown module)"))
1612835897321	Marionette	INFO	Listening on port 46313
1612835897378	Marionette	WARN	TLS certificate errors will be ignored for this session
1612835897399	Marionette	ERROR	[15] No reply from Marionette:Register

###!!! [Child][RunMessage] Error: Channel closing: too late to send/recv, messages will be lost

1612835898196	Marionette	INFO	Stopped listening on port 32863
1612836042442	mozrunner::runner	INFO	Running command: "/usr/bin/firefox" "-marionette" "-foreground" "-no-remote" "-profile" "/tmp/rust_mozprofilech43JP"
console.warn: SearchSettings: "get: No settings file exists, new profile?" (new Error("", "(unknown module)"))
1612836044581	Marionette	INFO	Stopped listening on port 46313
console.warn: SearchSettings: "get: No settings file exists, new profile?" (new Error("", "(unknown module)"))
1612836045244	Marionette	INFO	Listening on port 36011
1612836045292	Marionette	WARN	TLS certificate errors will be ignored for this session
1612836045307	Marionette	ERROR	[15] No reply from Marionette:Register
1612836046708	mozrunner::runner	INFO	Running command: "/usr/bin/firefox" "-marionette" "-foreground" "-no-remote" "-profile" "/tmp/rust_mozprofilej6M4uN"
console.warn: SearchSettings: "get: No settings file exists, new profile?" (new Error("", "(unknown module)"))
console.warn: SearchSettings: "get: No settings file exists, new profile?" (new Error("", "(unknown module)"))
1612836049062	Marionette	INFO	Listening on port 42295
1612836049137	Marionette	WARN	TLS certificate errors will be ignored for this session
1612836049154	Marionette	ERROR	[15] No reply from Marionette:Register
1612836049163	Marionette	INFO	Stopped listening on port 42295
JavaScript error: resource://activity-stream/lib/ASRouter.jsm, line 987: NS_ERROR_ILLEGAL_VALUE: Component returned failure code: 0x80070057 (NS_ERROR_ILLEGAL_VALUE) [nsIObserverService.removeObserver]
1612836053295	Marionette	INFO	Stopped listening on port 36011
1612836085561	mozrunner::runner	INFO	Running command: "/usr/bin/firefox" "-marionette" "-foreground" "-no-remote" "-profile" "/tmp/rust_mozprofile0sPsaH"
console.warn: SearchSettings: "get: No settings file exists, new profile?" (new Error("", "(unknown module)"))
console.warn: SearchSettings: "get: No settings file exists, new profile?" (new Error("", "(unknown module)"))
1612836087915	Marionette	INFO	Listening on port 35439
1612836087991	Marionette	WARN	TLS certificate errors will be ignored for this session
1612836088003	Marionette	ERROR	[15] No reply from Marionette:Register
1612836261302	mozrunner::runner	INFO	Running command: "/usr/bin/firefox" "-marionette" "-foreground" "-no-remote" "-profile" "/tmp/rust_mozprofilehAFT0F"
console.warn: SearchSettings: "get: No settings file exists, new profile?" (new Error("", "(unknown module)"))
console.warn: SearchSettings: "get: No settings file exists, new profile?" (new Error("", "(unknown module)"))
1612836263798	Marionette	INFO	Listening on port 37415
1612836263832	Marionette	WARN	TLS certificate errors will be ignored for this session
1612836263849	Marionette	ERROR	[15] No reply from Marionette:Register
1612836279111	Marionette	INFO	Stopped listening on port 37415
1612836279560	Marionette	INFO	Stopped listening on port 35439
1612836281339	mozrunner::runner	INFO	Running command: "/usr/bin/firefox" "-marionette" "-foreground" "-no-remote" "-profile" "/tmp/rust_mozprofileOxn8Kp"
console.warn: SearchSettings: "get: No settings file exists, new profile?" (new Error("", "(unknown module)"))
console.warn: SearchSettings: "get: No settings file exists, new profile?" (new Error("", "(unknown module)"))
1612836283810	Marionette	INFO	Listening on port 41473
1612836283877	Marionette	WARN	TLS certificate errors will be ignored for this session
1612836283894	Marionette	ERROR	[15] No reply from Marionette:Register
1612836290438	Marionette	INFO	Stopped listening on port 41473
1612836323058	mozrunner::runner	INFO	Running command: "/usr/bin/firefox" "-marionette" "-foreground" "-no-remote" "-profile" "/tmp/rust_mozprofileU4f0vJ"
console.warn: SearchSettings: "get: No settings file exists, new profile?" (new Error("", "(unknown module)"))
console.warn: SearchSettings: "get: No settings file exists, new profile?" (new Error("", "(unknown module)"))
1612836325378	Marionette	INFO	Listening on port 38807
1612836325486	Marionette	WARN	TLS certificate errors will be ignored for this session
1612836325501	Marionette	ERROR	[15] No reply from Marionette:Register
1612836360752	Marionette	INFO	Stopped listening on port 38807
1612836361735	mozrunner::runner	INFO	Running command: "/usr/bin/firefox" "-marionette" "-foreground" "-no-remote" "-profile" "/tmp/rust_mozprofileAkwcIy"
console.warn: SearchSettings: "get: No settings file exists, new profile?" (new Error("", "(unknown module)"))
1612836365102	Marionette	INFO	Listening on port 32891
1612836365180	Marionette	WARN	TLS certificate errors will be ignored for this session
1612836365208	Marionette	ERROR	[15] No reply from Marionette:Register
console.error: Region.jsm: "Error fetching region" (new Error("TIMEOUT", "resource://gre/modules/Region.jsm", 775))
console.error: Region.jsm: "Failed to fetch region" (new Error("TIMEOUT", "resource://gre/modules/Region.jsm", 422))
1612836385103	Marionette	INFO	Stopped listening on port 32891
1612836609792	mozrunner::runner	INFO	Running command: "/usr/bin/firefox" "-marionette" "-foreground" "-no-remote" "-profile" "/tmp/rust_mozprofilegLhc1D"
console.warn: SearchSettings: "get: No settings file exists, new profile?" (new Error("", "(unknown module)"))
console.warn: SearchSettings: "get: No settings file exists, new profile?" (new Error("", "(unknown module)"))
1612836612350	Marionette	INFO	Listening on port 37851
1612836612422	Marionette	WARN	TLS certificate errors will be ignored for this session
1612836612443	Marionette	ERROR	[15] No reply from Marionette:Register
1612836615435	Marionette	INFO	Stopped listening on port 37851
1612836689988	mozrunner::runner	INFO	Running command: "/usr/bin/firefox" "-marionette" "-foreground" "-no-remote" "-profile" "/tmp/rust_mozprofilelhsSWO"
console.warn: SearchSettings: "get: No settings file exists, new profile?" (new Error("", "(unknown module)"))
console.warn: SearchSettings: "get: No settings file exists, new profile?" (new Error("", "(unknown module)"))
1612836692482	Marionette	INFO	Listening on port 45189
1612836692528	Marionette	WARN	TLS certificate errors will be ignored for this session
1612836692550	Marionette	ERROR	[15] No reply from Marionette:Register
1612836810296	Marionette	INFO	Stopped listening on port 45189
1612836841530	mozrunner::runner	INFO	Running command: "/usr/bin/firefox" "-marionette" "-foreground" "-no-remote" "-profile" "/tmp/rust_mozprofile5C6YKw"
console.warn: SearchSettings: "get: No settings file exists, new profile?" (new Error("", "(unknown module)"))
console.warn: SearchSettings: "get: No settings file exists, new profile?" (new Error("", "(unknown module)"))
1612836844405	Marionette	INFO	Listening on port 44069
1612836844481	Marionette	WARN	TLS certificate errors will be ignored for this session
1612836844498	Marionette	ERROR	[15] No reply from Marionette:Register
1612836856699	Marionette	INFO	Stopped listening on port 44069
1612836903996	mozrunner::runner	INFO	Running command: "/usr/bin/firefox" "-marionette" "-foreground" "-no-remote" "-profile" "/tmp/rust_mozprofileehbSgR"
console.warn: SearchSettings: "get: No settings file exists, new profile?" (new Error("", "(unknown module)"))
1612836905617	Marionette	INFO	Listening on port 41861
console.warn: SearchSettings: "get: No settings file exists, new profile?" (new Error("", "(unknown module)"))
1612836905718	Marionette	WARN	TLS certificate errors will be ignored for this session
1612836905733	Marionette	ERROR	[15] No reply from Marionette:Register
1612836922182	Marionette	INFO	Stopped listening on port 41861
1612836924279	mozrunner::runner	INFO	Running command: "/usr/bin/firefox" "-marionette" "-foreground" "-no-remote" "-profile" "/tmp/rust_mozprofile9KqMW4"
console.warn: SearchSettings: "get: No settings file exists, new profile?" (new Error("", "(unknown module)"))
console.warn: SearchSettings: "get: No settings file exists, new profile?" (new Error("", "(unknown module)"))
1612836926129	Marionette	INFO	Listening on port 38215
1612836926203	Marionette	WARN	TLS certificate errors will be ignored for this session
1612836926215	Marionette	ERROR	[15] No reply from Marionette:Register
1612836926852	Marionette	INFO	Stopped listening on port 38215
IPDL protocol error: Handler returned error code!

###!!! [Parent][DispatchAsyncMessage] Error: PLayerTransaction::Msg_ReleaseLayer Processing error: message was deserialized, but the handler returned false (indicating failure)

IPDL protocol error: Handler returned error code!

###!!! [Parent][DispatchAsyncMessage] Error: PLayerTransaction::Msg_ReleaseLayer Processing error: message was deserialized, but the handler returned false (indicating failure)

1612836950754	mozrunner::runner	INFO	Running command: "/usr/bin/firefox" "-marionette" "-foreground" "-no-remote" "-profile" "/tmp/rust_mozprofilen345ks"
console.warn: SearchSettings: "get: No settings file exists, new profile?" (new Error("", "(unknown module)"))
console.warn: SearchSettings: "get: No settings file exists, new profile?" (new Error("", "(unknown module)"))
1612836952484	Marionette	INFO	Listening on port 40007
1612836952585	Marionette	WARN	TLS certificate errors will be ignored for this session
1612836952605	Marionette	ERROR	[15] No reply from Marionette:Register
1612836958361	Marionette	INFO	Stopped listening on port 40007
1612837246937	mozrunner::runner	INFO	Running command: "/usr/bin/firefox" "-marionette" "-foreground" "-no-remote" "-profile" "/tmp/rust_mozprofile5lfz0o"
console.warn: SearchSettings: "get: No settings file exists, new profile?" (new Error("", "(unknown module)"))
console.warn: SearchSettings: "get: No settings file exists, new profile?" (new Error("", "(unknown module)"))
1612837248716	Marionette	INFO	Listening on port 42585
1612837248765	Marionette	WARN	TLS certificate errors will be ignored for this session
1612837248775	Marionette	ERROR	[15] No reply from Marionette:Register
JavaScript error: https://static-exp1.licdn.com/sc/h/1u6iiu1qi2zqfhsyjje2irn10, line 1: Error: GoogleOneTapError display: unknown_reason
1612837255039	Marionette	INFO	Stopped listening on port 42585
1612837389794	mozrunner::runner	INFO	Running command: "/usr/bin/firefox" "-marionette" "-foreground" "-no-remote" "-profile" "/tmp/rust_mozprofileIO86yN"
console.warn: SearchSettings: "get: No settings file exists, new profile?" (new Error("", "(unknown module)"))
1612837391224	Marionette	INFO	Listening on port 45869
1612837391335	Marionette	WARN	TLS certificate errors will be ignored for this session
1612837391344	Marionette	ERROR	[15] No reply from Marionette:Register
console.warn: SearchSettings: "get: No settings file exists, new profile?" (new Error("", "(unknown module)"))
JavaScript error: https://static-exp1.licdn.com/sc/h/1u6iiu1qi2zqfhsyjje2irn10, line 1: Error: GoogleOneTapError display: unknown_reason
1612837397499	Marionette	INFO	Stopped listening on port 45869
1612837413507	mozrunner::runner	INFO	Running command: "/usr/bin/firefox" "-marionette" "-foreground" "-no-remote" "-profile" "/tmp/rust_mozprofile53c4j0"
console.warn: SearchSettings: "get: No settings file exists, new profile?" (new Error("", "(unknown module)"))
1612837414930	Marionette	INFO	Listening on port 46835
1612837415050	Marionette	WARN	TLS certificate errors will be ignored for this session
1612837415061	Marionette	ERROR	[15] No reply from Marionette:Register
console.warn: SearchSettings: "get: No settings file exists, new profile?" (new Error("", "(unknown module)"))
JavaScript error: https://static-exp1.licdn.com/sc/h/1u6iiu1qi2zqfhsyjje2irn10, line 1: Error: GoogleOneTapError display: unknown_reason
1612837421277	Marionette	INFO	Stopped listening on port 46835
1612837510655	mozrunner::runner	INFO	Running command: "/usr/bin/firefox" "-marionette" "-foreground" "-no-remote" "-profile" "/tmp/rust_mozprofilenNTjob"
console.warn: SearchSettings: "get: No settings file exists, new profile?" (new Error("", "(unknown module)"))
1612837512144	Marionette	INFO	Listening on port 35247
1612837512175	Marionette	WARN	TLS certificate errors will be ignored for this session
1612837512183	Marionette	ERROR	[15] No reply from Marionette:Register
console.warn: SearchSettings: "get: No settings file exists, new profile?" (new Error("", "(unknown module)"))
JavaScript error: https://static-exp1.licdn.com/sc/h/1u6iiu1qi2zqfhsyjje2irn10, line 1: Error: GoogleOneTapError display: unknown_reason
1612837600414	mozrunner::runner	INFO	Running command: "/usr/bin/firefox" "-marionette" "-foreground" "-no-remote" "-profile" "/tmp/rust_mozprofileTB8wgD"
console.warn: SearchSettings: "get: No settings file exists, new profile?" (new Error("", "(unknown module)"))
1612837601812	Marionette	INFO	Listening on port 38383
1612837601837	Marionette	WARN	TLS certificate errors will be ignored for this session
1612837601848	Marionette	ERROR	[18] No reply from Marionette:Register
console.warn: SearchSettings: "get: No settings file exists, new profile?" (new Error("", "(unknown module)"))
JavaScript error: https://static-exp1.licdn.com/sc/h/1u6iiu1qi2zqfhsyjje2irn10, line 1: Error: GoogleOneTapError display: unknown_reason
1612837715345	mozrunner::runner	INFO	Running command: "/usr/bin/firefox" "-marionette" "-foreground" "-no-remote" "-profile" "/tmp/rust_mozprofileFKHgnO"
console.warn: SearchSettings: "get: No settings file exists, new profile?" (new Error("", "(unknown module)"))
1612837716829	Marionette	INFO	Listening on port 43431
1612837716867	Marionette	WARN	TLS certificate errors will be ignored for this session
1612837716877	Marionette	ERROR	[15] No reply from Marionette:Register
console.warn: SearchSettings: "get: No settings file exists, new profile?" (new Error("", "(unknown module)"))
JavaScript error: https://static-exp1.licdn.com/sc/h/1u6iiu1qi2zqfhsyjje2irn10, line 1: Error: GoogleOneTapError display: unknown_reason
1612837722961	Marionette	INFO	Stopped listening on port 43431
1612837739027	mozrunner::runner	INFO	Running command: "/usr/bin/firefox" "-marionette" "-foreground" "-no-remote" "-profile" "/tmp/rust_mozprofileKwWGG4"
console.warn: SearchSettings: "get: No settings file exists, new profile?" (new Error("", "(unknown module)"))
1612837740576	Marionette	INFO	Listening on port 36201
1612837740648	Marionette	WARN	TLS certificate errors will be ignored for this session
1612837740657	Marionette	ERROR	[15] No reply from Marionette:Register
console.warn: SearchSettings: "get: No settings file exists, new profile?" (new Error("", "(unknown module)"))
1612837776730	Marionette	INFO	Stopped listening on port 36201

###!!! [Parent][RunMessage] Error: Channel closing: too late to send/recv, messages will be lost

1612837892818	mozrunner::runner	INFO	Running command: "/usr/bin/firefox" "-marionette" "-foreground" "-no-remote" "-profile" "/tmp/rust_mozprofilewBZXR2"
console.warn: SearchSettings: "get: No settings file exists, new profile?" (new Error("", "(unknown module)"))
console.warn: SearchSettings: "get: No settings file exists, new profile?" (new Error("", "(unknown module)"))
1612837894545	Marionette	INFO	Listening on port 39679
1612837894656	Marionette	WARN	TLS certificate errors will be ignored for this session
1612837894666	Marionette	ERROR	[15] No reply from Marionette:Register
JavaScript error: https://static-exp1.licdn.com/sc/h/1u6iiu1qi2zqfhsyjje2irn10, line 1: Error: GoogleOneTapError display: unknown_reason
JavaScript error: https://static-exp1.licdn.com/sc/h/1u6iiu1qi2zqfhsyjje2irn10, line 1: Error: GoogleOneTapError display: unknown_reason
1612837902663	Marionette	INFO	Stopped listening on port 39679

###!!! [Parent][RunMessage] Error: Channel closing: too late to send/recv, messages will be lost

1612838525996	mozrunner::runner	INFO	Running command: "/usr/bin/firefox" "-marionette" "-foreground" "-no-remote" "-profile" "/tmp/rust_mozprofileQbfJwN"
1612838526305	addons.webextension.doh-rollout@mozilla.org	WARN	Loading extension 'doh-rollout@mozilla.org': Reading manifest: Invalid extension permission: networkStatus
1612838526325	addons.webextension.screenshots@mozilla.org	WARN	Loading extension 'screenshots@mozilla.org': Reading manifest: Invalid extension permission: mozillaAddons
1612838526325	addons.webextension.screenshots@mozilla.org	WARN	Loading extension 'screenshots@mozilla.org': Reading manifest: Invalid extension permission: telemetry
1612838526325	addons.webextension.screenshots@mozilla.org	WARN	Loading extension 'screenshots@mozilla.org': Reading manifest: Invalid extension permission: resource://pdf.js/
1612838526325	addons.webextension.screenshots@mozilla.org	WARN	Loading extension 'screenshots@mozilla.org': Reading manifest: Invalid extension permission: about:reader*
1612838527600	Marionette	INFO	Listening on port 46251
1612838527700	Marionette	WARN	TLS certificate errors will be ignored for this session
JavaScript error: https://static-exp1.licdn.com/sc/h/aq3tx3zvw6wjjr997fx2aehtn, line 1: Error: Could not lazy load JS with src https://static-exp1.licdn.com/sc/h/b8nmakf6h0x06rajxf1vxrb8g
JavaScript error: https://static-exp1.licdn.com/sc/h/aq3tx3zvw6wjjr997fx2aehtn, line 1: Error: Could not lazy load JS with src https://static-exp1.licdn.com/sc/h/b045gzzgfxgfysptabriery88
JavaScript error: resource:///actors/ContentMetaChild.jsm, line 167: InvalidStateError: An attempt was made to use an object that is not, or is no longer, usable
JavaScript error: resource:///actors/ContentMetaChild.jsm, line 167: InvalidStateError: An attempt was made to use an object that is not, or is no longer, usable
JavaScript error: resource:///actors/ContentMetaChild.jsm, line 167: InvalidStateError: An attempt was made to use an object that is not, or is no longer, usable
1612838534654	Marionette	INFO	Stopped listening on port 46251
1612838600976	mozrunner::runner	INFO	Running command: "/usr/bin/firefox" "-marionette" "-foreground" "-no-remote" "-profile" "/tmp/rust_mozprofilelPunC8"
1612838601278	addons.webextension.doh-rollout@mozilla.org	WARN	Loading extension 'doh-rollout@mozilla.org': Reading manifest: Invalid extension permission: networkStatus
1612838601297	addons.webextension.screenshots@mozilla.org	WARN	Loading extension 'screenshots@mozilla.org': Reading manifest: Invalid extension permission: mozillaAddons
1612838601297	addons.webextension.screenshots@mozilla.org	WARN	Loading extension 'screenshots@mozilla.org': Reading manifest: Invalid extension permission: telemetry
1612838601298	addons.webextension.screenshots@mozilla.org	WARN	Loading extension 'screenshots@mozilla.org': Reading manifest: Invalid extension permission: resource://pdf.js/
1612838601298	addons.webextension.screenshots@mozilla.org	WARN	Loading extension 'screenshots@mozilla.org': Reading manifest: Invalid extension permission: about:reader*
1612838602704	Marionette	INFO	Listening on port 46079
1612838602785	Marionette	WARN	TLS certificate errors will be ignored for this session
JavaScript error: https://static-exp1.licdn.com/sc/h/aq3tx3zvw6wjjr997fx2aehtn, line 1: Error: Could not lazy load JS with src https://static-exp1.licdn.com/sc/h/b045gzzgfxgfysptabriery88
JavaScript error: https://static-exp1.licdn.com/sc/h/aq3tx3zvw6wjjr997fx2aehtn, line 1: Error: Could not lazy load JS with src https://static-exp1.licdn.com/sc/h/b8nmakf6h0x06rajxf1vxrb8g
JavaScript error: https://static-exp1.licdn.com/sc/h/aq3tx3zvw6wjjr997fx2aehtn, line 1: Error: Could not lazy load JS with src https://static-exp1.licdn.com/sc/h/7v44l5aw6ujgcy3nh3lqxmucj
JavaScript error: https://static-exp1.licdn.com/sc/h/aq3tx3zvw6wjjr997fx2aehtn, line 1: Error: Could not lazy load JS with src https://static-exp1.licdn.com/sc/h/9x1ka0d4advijnuxgxnyns6ne
JavaScript error: resource:///actors/ContentMetaChild.jsm, line 167: InvalidStateError: An attempt was made to use an object that is not, or is no longer, usable
JavaScript error: resource:///actors/ContentMetaChild.jsm, line 167: InvalidStateError: An attempt was made to use an object that is not, or is no longer, usable
1612839459582	mozrunner::runner	INFO	Running command: "/usr/bin/firefox" "-marionette" "-foreground" "-no-remote" "-profile" "/tmp/rust_mozprofileIgNMPU"
console.warn: SearchSettings: "get: No settings file exists, new profile?" (new Error("", "(unknown module)"))
console.warn: SearchSettings: "get: No settings file exists, new profile?" (new Error("", "(unknown module)"))
1612839461290	Marionette	INFO	Listening on port 40421
1612839461402	Marionette	WARN	TLS certificate errors will be ignored for this session
1612839461413	Marionette	ERROR	[15] No reply from Marionette:Register
JavaScript error: https://static-exp1.licdn.com/sc/h/1u6iiu1qi2zqfhsyjje2irn10, line 1: Error: GoogleOneTapError display: unknown_reason
JavaScript error: https://static-exp1.licdn.com/sc/h/aq3tx3zvw6wjjr997fx2aehtn, line 1: Error: Could not lazy load JS with src https://static-exp1.licdn.com/sc/h/7v44l5aw6ujgcy3nh3lqxmucj
JavaScript error: https://static-exp1.licdn.com/sc/h/aq3tx3zvw6wjjr997fx2aehtn, line 1: Error: Could not lazy load JS with src https://static-exp1.licdn.com/sc/h/9x1ka0d4advijnuxgxnyns6ne
1612839498033	Marionette	INFO	Stopped listening on port 40421
